<?xml version="1.0" encoding="UTF-8"?>
<testng-results ignored="0" total="1" passed="1" failed="0" skipped="0">
  <reporter-output>
  </reporter-output>
  <suite started-at="2019-06-06T11:17:58Z" name="Default suite" finished-at="2019-06-06T11:18:04Z" duration-ms="5486">
    <groups>
    </groups>
    <test started-at="2019-06-06T11:17:58Z" name="Default test" finished-at="2019-06-06T11:18:04Z" duration-ms="5486">
      <class name="testCases.TetLogin">
        <test-method signature="Login()[pri:0, instance:testCases.TetLogin@24313fcc]" started-at="2019-06-06T11:17:58Z" name="Login" finished-at="2019-06-06T11:18:04Z" duration-ms="5458" status="PASS">
          <reporter-output>
          </reporter-output>
        </test-method> <!-- Login -->
      </class> <!-- testCases.TetLogin -->
    </test> <!-- Default test -->
  </suite> <!-- Default suite -->
</testng-results>
