<?xml version="1.0" encoding="UTF-8"?>
<testng-results skipped="0" failed="0" ignored="0" total="1" passed="1">
  <reporter-output>
  </reporter-output>
  <suite name="Default suite" duration-ms="7292" started-at="2019-06-06T11:56:36Z" finished-at="2019-06-06T11:56:44Z">
    <groups>
    </groups>
    <test name="Default test" duration-ms="7292" started-at="2019-06-06T11:56:36Z" finished-at="2019-06-06T11:56:44Z">
      <class name="testCases.TetLogin">
        <test-method status="PASS" signature="Login()[pri:0, instance:testCases.TetLogin@58651fd0]" name="Login" duration-ms="7259" started-at="2019-06-06T11:56:36Z" finished-at="2019-06-06T11:56:44Z">
          <reporter-output>
          </reporter-output>
        </test-method> <!-- Login -->
      </class> <!-- testCases.TetLogin -->
    </test> <!-- Default test -->
  </suite> <!-- Default suite -->
</testng-results>
